The target system is: Android - 21 - aarch64
The host system is: Linux - 5.3.0-46-generic - x86_64
Compiling the C compiler identification source file "CMakeCCompilerId.c" succeeded.
Compiler: /home/ubuntu/android-ndk-r21b/toolchains/llvm/prebuilt/linux-x86_64/bin/clang 
Build flags: 
Id flags:  

The output was:
0


Compilation of the C compiler identification source "CMakeCCompilerId.c" produced "a.out"

The C compiler identification is Clang, found in "/home/ubuntu/lmdb/libraries/liblmdb/android-build/CMakeFiles/3.17.1/CompilerIdC/a.out"

Compiling the CXX compiler identification source file "CMakeCXXCompilerId.cpp" succeeded.
Compiler: /home/ubuntu/android-ndk-r21b/toolchains/llvm/prebuilt/linux-x86_64/bin/clang++ 
Build flags: 
Id flags:  

The output was:
0


Compilation of the CXX compiler identification source "CMakeCXXCompilerId.cpp" produced "a.out"

The CXX compiler identification is Clang, found in "/home/ubuntu/lmdb/libraries/liblmdb/android-build/CMakeFiles/3.17.1/CompilerIdCXX/a.out"

Compiling the C compiler identification source file "CMakeCCompilerId.c" succeeded.
Compiler: /home/ubuntu/android-ndk-r21b/toolchains/llvm/prebuilt/linux-x86_64/bin/clang 
Build flags: 
Id flags:  

The output was:
0


Compilation of the C compiler identification source "CMakeCCompilerId.c" produced "a.out"

The C compiler identification is Clang, found in "/home/ubuntu/lmdb/libraries/liblmdb/android-build/CMakeFiles/3.17.1/CompilerIdC/a.out"

Compiling the CXX compiler identification source file "CMakeCXXCompilerId.cpp" succeeded.
Compiler: /home/ubuntu/android-ndk-r21b/toolchains/llvm/prebuilt/linux-x86_64/bin/clang++ 
Build flags: 
Id flags:  

The output was:
0


Compilation of the CXX compiler identification source "CMakeCXXCompilerId.cpp" produced "a.out"

The CXX compiler identification is Clang, found in "/home/ubuntu/lmdb/libraries/liblmdb/android-build/CMakeFiles/3.17.1/CompilerIdCXX/a.out"

Determining if the C compiler works passed with the following output:
Change Dir: /home/ubuntu/lmdb/libraries/liblmdb/android-build/CMakeFiles/CMakeTmp

Run Build Command(s):/usr/bin/make cmTC_68820/fast && /usr/bin/make  -f CMakeFiles/cmTC_68820.dir/build.make CMakeFiles/cmTC_68820.dir/build
make[1]: Entering directory '/home/ubuntu/lmdb/libraries/liblmdb/android-build/CMakeFiles/CMakeTmp'
Building C object CMakeFiles/cmTC_68820.dir/testCCompiler.c.o
/home/ubuntu/android-ndk-r21b/toolchains/llvm/prebuilt/linux-x86_64/bin/clang --target=aarch64-none-linux-android21   -funwind-tables -no-canonical-prefixes -fexceptions  -g -fPIE   -o CMakeFiles/cmTC_68820.dir/testCCompiler.c.o   -c /home/ubuntu/lmdb/libraries/liblmdb/android-build/CMakeFiles/CMakeTmp/testCCompiler.c
Linking C executable cmTC_68820
/usr/local/bin/cmake -E cmake_link_script CMakeFiles/cmTC_68820.dir/link.txt --verbose=1
/home/ubuntu/android-ndk-r21b/toolchains/llvm/prebuilt/linux-x86_64/bin/clang --target=aarch64-none-linux-android21 -funwind-tables -no-canonical-prefixes -fexceptions  -g  -Wl,--gc-sections  CMakeFiles/cmTC_68820.dir/testCCompiler.c.o  -o cmTC_68820   -latomic -lm 
make[1]: Leaving directory '/home/ubuntu/lmdb/libraries/liblmdb/android-build/CMakeFiles/CMakeTmp'



Detecting C compiler ABI info compiled with the following output:
Change Dir: /home/ubuntu/lmdb/libraries/liblmdb/android-build/CMakeFiles/CMakeTmp

Run Build Command(s):/usr/bin/make cmTC_93f40/fast && /usr/bin/make  -f CMakeFiles/cmTC_93f40.dir/build.make CMakeFiles/cmTC_93f40.dir/build
make[1]: Entering directory '/home/ubuntu/lmdb/libraries/liblmdb/android-build/CMakeFiles/CMakeTmp'
Building C object CMakeFiles/cmTC_93f40.dir/CMakeCCompilerABI.c.o
/home/ubuntu/android-ndk-r21b/toolchains/llvm/prebuilt/linux-x86_64/bin/clang --target=aarch64-none-linux-android21   -funwind-tables -no-canonical-prefixes -fexceptions  -g -fPIE   -v -o CMakeFiles/cmTC_93f40.dir/CMakeCCompilerABI.c.o   -c /usr/local/share/cmake-3.17/Modules/CMakeCCompilerABI.c
Android (6317467 based on r365631c1) clang version 9.0.8 (https://android.googlesource.com/toolchain/llvm-project e0caee08e5f09b374a27a676d04978c81fcb1928) (based on LLVM 9.0.8svn)
Target: aarch64-none-linux-android21
Thread model: posix
InstalledDir: /home/ubuntu/android-ndk-r21b/toolchains/llvm/prebuilt/linux-x86_64/bin
Found candidate GCC installation: /home/ubuntu/android-ndk-r21b/toolchains/llvm/prebuilt/linux-x86_64/bin/../lib/gcc/aarch64-linux-android/4.9.x
Selected GCC installation: /home/ubuntu/android-ndk-r21b/toolchains/llvm/prebuilt/linux-x86_64/bin/../lib/gcc/aarch64-linux-android/4.9.x
Candidate multilib: .;@m64
Selected multilib: .;@m64
 "/home/ubuntu/android-ndk-r21b/toolchains/llvm/prebuilt/linux-x86_64/bin/clang" -cc1 -triple aarch64-none-linux-android21 -emit-obj -mrelax-all -mnoexecstack -disable-free -disable-llvm-verifier -discard-value-names -main-file-name CMakeCCompilerABI.c -mrelocation-model pic -pic-level 2 -pic-is-pie -mthread-model posix -mdisable-fp-elim -masm-verbose -mconstructor-aliases -munwind-tables -fuse-init-array -target-cpu generic -target-feature +neon -target-abi aapcs -mllvm -aarch64-fix-cortex-a53-835769=1 -fallow-half-arguments-and-returns -dwarf-column-info -debug-info-kind=limited -dwarf-version=4 -debugger-tuning=gdb -v -coverage-notes-file /home/ubuntu/lmdb/libraries/liblmdb/android-build/CMakeFiles/CMakeTmp/CMakeFiles/cmTC_93f40.dir/CMakeCCompilerABI.c.gcno -resource-dir /home/ubuntu/android-ndk-r21b/toolchains/llvm/prebuilt/linux-x86_64/lib64/clang/9.0.8 -internal-isystem /home/ubuntu/android-ndk-r21b/toolchains/llvm/prebuilt/linux-x86_64/bin/../sysroot/usr/local/include -internal-isystem /home/ubuntu/android-ndk-r21b/toolchains/llvm/prebuilt/linux-x86_64/lib64/clang/9.0.8/include -internal-externc-isystem /home/ubuntu/android-ndk-r21b/toolchains/llvm/prebuilt/linux-x86_64/bin/../sysroot/usr/include/aarch64-linux-android -internal-externc-isystem /home/ubuntu/android-ndk-r21b/toolchains/llvm/prebuilt/linux-x86_64/bin/../sysroot/include -internal-externc-isystem /home/ubuntu/android-ndk-r21b/toolchains/llvm/prebuilt/linux-x86_64/bin/../sysroot/usr/include -fdebug-compilation-dir /home/ubuntu/lmdb/libraries/liblmdb/android-build/CMakeFiles/CMakeTmp -ferror-limit 19 -fmessage-length 0 -fno-signed-char -fobjc-runtime=gcc -fexceptions -fdiagnostics-show-option -o CMakeFiles/cmTC_93f40.dir/CMakeCCompilerABI.c.o -x c /usr/local/share/cmake-3.17/Modules/CMakeCCompilerABI.c
clang -cc1 version 9.0.8 based upon LLVM 9.0.8svn default target x86_64-unknown-linux-gnu
ignoring nonexistent directory "/home/ubuntu/android-ndk-r21b/toolchains/llvm/prebuilt/linux-x86_64/bin/../sysroot/include"
#include "..." search starts here:
#include <...> search starts here:
 /home/ubuntu/android-ndk-r21b/toolchains/llvm/prebuilt/linux-x86_64/bin/../sysroot/usr/local/include
 /home/ubuntu/android-ndk-r21b/toolchains/llvm/prebuilt/linux-x86_64/lib64/clang/9.0.8/include
 /home/ubuntu/android-ndk-r21b/toolchains/llvm/prebuilt/linux-x86_64/bin/../sysroot/usr/include/aarch64-linux-android
 /home/ubuntu/android-ndk-r21b/toolchains/llvm/prebuilt/linux-x86_64/bin/../sysroot/usr/include
End of search list.
Linking C executable cmTC_93f40
/usr/local/bin/cmake -E cmake_link_script CMakeFiles/cmTC_93f40.dir/link.txt --verbose=1
/home/ubuntu/android-ndk-r21b/toolchains/llvm/prebuilt/linux-x86_64/bin/clang --target=aarch64-none-linux-android21 -funwind-tables -no-canonical-prefixes -fexceptions  -g  -Wl,--gc-sections -v CMakeFiles/cmTC_93f40.dir/CMakeCCompilerABI.c.o  -o cmTC_93f40   -latomic -lm 
Android (6317467 based on r365631c1) clang version 9.0.8 (https://android.googlesource.com/toolchain/llvm-project e0caee08e5f09b374a27a676d04978c81fcb1928) (based on LLVM 9.0.8svn)
Target: aarch64-none-linux-android21
Thread model: posix
InstalledDir: /home/ubuntu/android-ndk-r21b/toolchains/llvm/prebuilt/linux-x86_64/bin
Found candidate GCC installation: /home/ubuntu/android-ndk-r21b/toolchains/llvm/prebuilt/linux-x86_64/bin/../lib/gcc/aarch64-linux-android/4.9.x
Selected GCC installation: /home/ubuntu/android-ndk-r21b/toolchains/llvm/prebuilt/linux-x86_64/bin/../lib/gcc/aarch64-linux-android/4.9.x
Candidate multilib: .;@m64
Selected multilib: .;@m64
 "/home/ubuntu/android-ndk-r21b/toolchains/llvm/prebuilt/linux-x86_64/bin/../lib/gcc/aarch64-linux-android/4.9.x/../../../../aarch64-linux-android/bin/ld" -pie -z noexecstack -EL --fix-cortex-a53-843419 --warn-shared-textrel -z now -z relro -z max-page-size=4096 --hash-style=gnu --hash-style=both --enable-new-dtags --eh-frame-hdr -m aarch64linux -dynamic-linker /system/bin/linker64 -o cmTC_93f40 /home/ubuntu/android-ndk-r21b/toolchains/llvm/prebuilt/linux-x86_64/bin/../sysroot/usr/lib/aarch64-linux-android/21/crtbegin_dynamic.o -L/home/ubuntu/android-ndk-r21b/toolchains/llvm/prebuilt/linux-x86_64/lib64/clang/9.0.8/lib/linux/aarch64 -L/home/ubuntu/android-ndk-r21b/toolchains/llvm/prebuilt/linux-x86_64/bin/../lib/gcc/aarch64-linux-android/4.9.x -L/home/ubuntu/android-ndk-r21b/toolchains/llvm/prebuilt/linux-x86_64/bin/../lib/gcc/aarch64-linux-android/4.9.x/../../../../aarch64-linux-android/lib/../lib64 -L/home/ubuntu/android-ndk-r21b/toolchains/llvm/prebuilt/linux-x86_64/bin/../sysroot/usr/lib/aarch64-linux-android/21 -L/home/ubuntu/android-ndk-r21b/toolchains/llvm/prebuilt/linux-x86_64/bin/../sysroot/usr/lib/aarch64-linux-android -L/home/ubuntu/android-ndk-r21b/toolchains/llvm/prebuilt/linux-x86_64/bin/../lib/gcc/aarch64-linux-android/4.9.x/../../../../aarch64-linux-android/lib -L/home/ubuntu/android-ndk-r21b/toolchains/llvm/prebuilt/linux-x86_64/bin/../sysroot/usr/lib --gc-sections CMakeFiles/cmTC_93f40.dir/CMakeCCompilerABI.c.o -latomic -lm -lgcc -ldl -lc -lgcc -ldl /home/ubuntu/android-ndk-r21b/toolchains/llvm/prebuilt/linux-x86_64/bin/../sysroot/usr/lib/aarch64-linux-android/21/crtend_android.o
make[1]: Leaving directory '/home/ubuntu/lmdb/libraries/liblmdb/android-build/CMakeFiles/CMakeTmp'



Parsed C implicit include dir info from above output: rv=done
  found start of include info
  found start of implicit include info
    add: [/home/ubuntu/android-ndk-r21b/toolchains/llvm/prebuilt/linux-x86_64/bin/../sysroot/usr/local/include]
    add: [/home/ubuntu/android-ndk-r21b/toolchains/llvm/prebuilt/linux-x86_64/lib64/clang/9.0.8/include]
    add: [/home/ubuntu/android-ndk-r21b/toolchains/llvm/prebuilt/linux-x86_64/bin/../sysroot/usr/include/aarch64-linux-android]
    add: [/home/ubuntu/android-ndk-r21b/toolchains/llvm/prebuilt/linux-x86_64/bin/../sysroot/usr/include]
  end of search list found
  collapse include dir [/home/ubuntu/android-ndk-r21b/toolchains/llvm/prebuilt/linux-x86_64/bin/../sysroot/usr/local/include] ==> [/home/ubuntu/android-ndk-r21b/toolchains/llvm/prebuilt/linux-x86_64/sysroot/usr/local/include]
  collapse include dir [/home/ubuntu/android-ndk-r21b/toolchains/llvm/prebuilt/linux-x86_64/lib64/clang/9.0.8/include] ==> [/home/ubuntu/android-ndk-r21b/toolchains/llvm/prebuilt/linux-x86_64/lib64/clang/9.0.8/include]
  collapse include dir [/home/ubuntu/android-ndk-r21b/toolchains/llvm/prebuilt/linux-x86_64/bin/../sysroot/usr/include/aarch64-linux-android] ==> [/home/ubuntu/android-ndk-r21b/toolchains/llvm/prebuilt/linux-x86_64/sysroot/usr/include/aarch64-linux-android]
  collapse include dir [/home/ubuntu/android-ndk-r21b/toolchains/llvm/prebuilt/linux-x86_64/bin/../sysroot/usr/include] ==> [/home/ubuntu/android-ndk-r21b/toolchains/llvm/prebuilt/linux-x86_64/sysroot/usr/include]
  implicit include dirs: [/home/ubuntu/android-ndk-r21b/toolchains/llvm/prebuilt/linux-x86_64/sysroot/usr/local/include;/home/ubuntu/android-ndk-r21b/toolchains/llvm/prebuilt/linux-x86_64/lib64/clang/9.0.8/include;/home/ubuntu/android-ndk-r21b/toolchains/llvm/prebuilt/linux-x86_64/sysroot/usr/include/aarch64-linux-android;/home/ubuntu/android-ndk-r21b/toolchains/llvm/prebuilt/linux-x86_64/sysroot/usr/include]


Parsed C implicit link information from above output:
  link line regex: [^( *|.*[/\])(aarch64-linux-android-ld|CMAKE_LINK_STARTFILE-NOTFOUND|([^/\]+-)?ld|collect2)[^/\]*( |$)]
  ignore line: [Change Dir: /home/ubuntu/lmdb/libraries/liblmdb/android-build/CMakeFiles/CMakeTmp]
  ignore line: []
  ignore line: [Run Build Command(s):/usr/bin/make cmTC_93f40/fast && /usr/bin/make  -f CMakeFiles/cmTC_93f40.dir/build.make CMakeFiles/cmTC_93f40.dir/build]
  ignore line: [make[1]: Entering directory '/home/ubuntu/lmdb/libraries/liblmdb/android-build/CMakeFiles/CMakeTmp']
  ignore line: [Building C object CMakeFiles/cmTC_93f40.dir/CMakeCCompilerABI.c.o]
  ignore line: [/home/ubuntu/android-ndk-r21b/toolchains/llvm/prebuilt/linux-x86_64/bin/clang --target=aarch64-none-linux-android21   -funwind-tables -no-canonical-prefixes -fexceptions  -g -fPIE   -v -o CMakeFiles/cmTC_93f40.dir/CMakeCCompilerABI.c.o   -c /usr/local/share/cmake-3.17/Modules/CMakeCCompilerABI.c]
  ignore line: [Android (6317467 based on r365631c1) clang version 9.0.8 (https://android.googlesource.com/toolchain/llvm-project e0caee08e5f09b374a27a676d04978c81fcb1928) (based on LLVM 9.0.8svn)]
  ignore line: [Target: aarch64-none-linux-android21]
  ignore line: [Thread model: posix]
  ignore line: [InstalledDir: /home/ubuntu/android-ndk-r21b/toolchains/llvm/prebuilt/linux-x86_64/bin]
  ignore line: [Found candidate GCC installation: /home/ubuntu/android-ndk-r21b/toolchains/llvm/prebuilt/linux-x86_64/bin/../lib/gcc/aarch64-linux-android/4.9.x]
  ignore line: [Selected GCC installation: /home/ubuntu/android-ndk-r21b/toolchains/llvm/prebuilt/linux-x86_64/bin/../lib/gcc/aarch64-linux-android/4.9.x]
  ignore line: [Candidate multilib: .]
  ignore line: [@m64]
  ignore line: [Selected multilib: .]
  ignore line: [@m64]
  ignore line: [ "/home/ubuntu/android-ndk-r21b/toolchains/llvm/prebuilt/linux-x86_64/bin/clang" -cc1 -triple aarch64-none-linux-android21 -emit-obj -mrelax-all -mnoexecstack -disable-free -disable-llvm-verifier -discard-value-names -main-file-name CMakeCCompilerABI.c -mrelocation-model pic -pic-level 2 -pic-is-pie -mthread-model posix -mdisable-fp-elim -masm-verbose -mconstructor-aliases -munwind-tables -fuse-init-array -target-cpu generic -target-feature +neon -target-abi aapcs -mllvm -aarch64-fix-cortex-a53-835769=1 -fallow-half-arguments-and-returns -dwarf-column-info -debug-info-kind=limited -dwarf-version=4 -debugger-tuning=gdb -v -coverage-notes-file /home/ubuntu/lmdb/libraries/liblmdb/android-build/CMakeFiles/CMakeTmp/CMakeFiles/cmTC_93f40.dir/CMakeCCompilerABI.c.gcno -resource-dir /home/ubuntu/android-ndk-r21b/toolchains/llvm/prebuilt/linux-x86_64/lib64/clang/9.0.8 -internal-isystem /home/ubuntu/android-ndk-r21b/toolchains/llvm/prebuilt/linux-x86_64/bin/../sysroot/usr/local/include -internal-isystem /home/ubuntu/android-ndk-r21b/toolchains/llvm/prebuilt/linux-x86_64/lib64/clang/9.0.8/include -internal-externc-isystem /home/ubuntu/android-ndk-r21b/toolchains/llvm/prebuilt/linux-x86_64/bin/../sysroot/usr/include/aarch64-linux-android -internal-externc-isystem /home/ubuntu/android-ndk-r21b/toolchains/llvm/prebuilt/linux-x86_64/bin/../sysroot/include -internal-externc-isystem /home/ubuntu/android-ndk-r21b/toolchains/llvm/prebuilt/linux-x86_64/bin/../sysroot/usr/include -fdebug-compilation-dir /home/ubuntu/lmdb/libraries/liblmdb/android-build/CMakeFiles/CMakeTmp -ferror-limit 19 -fmessage-length 0 -fno-signed-char -fobjc-runtime=gcc -fexceptions -fdiagnostics-show-option -o CMakeFiles/cmTC_93f40.dir/CMakeCCompilerABI.c.o -x c /usr/local/share/cmake-3.17/Modules/CMakeCCompilerABI.c]
  ignore line: [clang -cc1 version 9.0.8 based upon LLVM 9.0.8svn default target x86_64-unknown-linux-gnu]
  ignore line: [ignoring nonexistent directory "/home/ubuntu/android-ndk-r21b/toolchains/llvm/prebuilt/linux-x86_64/bin/../sysroot/include"]
  ignore line: [#include "..." search starts here:]
  ignore line: [#include <...> search starts here:]
  ignore line: [ /home/ubuntu/android-ndk-r21b/toolchains/llvm/prebuilt/linux-x86_64/bin/../sysroot/usr/local/include]
  ignore line: [ /home/ubuntu/android-ndk-r21b/toolchains/llvm/prebuilt/linux-x86_64/lib64/clang/9.0.8/include]
  ignore line: [ /home/ubuntu/android-ndk-r21b/toolchains/llvm/prebuilt/linux-x86_64/bin/../sysroot/usr/include/aarch64-linux-android]
  ignore line: [ /home/ubuntu/android-ndk-r21b/toolchains/llvm/prebuilt/linux-x86_64/bin/../sysroot/usr/include]
  ignore line: [End of search list.]
  ignore line: [Linking C executable cmTC_93f40]
  ignore line: [/usr/local/bin/cmake -E cmake_link_script CMakeFiles/cmTC_93f40.dir/link.txt --verbose=1]
  ignore line: [/home/ubuntu/android-ndk-r21b/toolchains/llvm/prebuilt/linux-x86_64/bin/clang --target=aarch64-none-linux-android21 -funwind-tables -no-canonical-prefixes -fexceptions  -g  -Wl --gc-sections -v CMakeFiles/cmTC_93f40.dir/CMakeCCompilerABI.c.o  -o cmTC_93f40   -latomic -lm ]
  ignore line: [Android (6317467 based on r365631c1) clang version 9.0.8 (https://android.googlesource.com/toolchain/llvm-project e0caee08e5f09b374a27a676d04978c81fcb1928) (based on LLVM 9.0.8svn)]
  ignore line: [Target: aarch64-none-linux-android21]
  ignore line: [Thread model: posix]
  ignore line: [InstalledDir: /home/ubuntu/android-ndk-r21b/toolchains/llvm/prebuilt/linux-x86_64/bin]
  ignore line: [Found candidate GCC installation: /home/ubuntu/android-ndk-r21b/toolchains/llvm/prebuilt/linux-x86_64/bin/../lib/gcc/aarch64-linux-android/4.9.x]
  ignore line: [Selected GCC installation: /home/ubuntu/android-ndk-r21b/toolchains/llvm/prebuilt/linux-x86_64/bin/../lib/gcc/aarch64-linux-android/4.9.x]
  ignore line: [Candidate multilib: .]
  ignore line: [@m64]
  ignore line: [Selected multilib: .]
  ignore line: [@m64]
  link line: [ "/home/ubuntu/android-ndk-r21b/toolchains/llvm/prebuilt/linux-x86_64/bin/../lib/gcc/aarch64-linux-android/4.9.x/../../../../aarch64-linux-android/bin/ld" -pie -z noexecstack -EL --fix-cortex-a53-843419 --warn-shared-textrel -z now -z relro -z max-page-size=4096 --hash-style=gnu --hash-style=both --enable-new-dtags --eh-frame-hdr -m aarch64linux -dynamic-linker /system/bin/linker64 -o cmTC_93f40 /home/ubuntu/android-ndk-r21b/toolchains/llvm/prebuilt/linux-x86_64/bin/../sysroot/usr/lib/aarch64-linux-android/21/crtbegin_dynamic.o -L/home/ubuntu/android-ndk-r21b/toolchains/llvm/prebuilt/linux-x86_64/lib64/clang/9.0.8/lib/linux/aarch64 -L/home/ubuntu/android-ndk-r21b/toolchains/llvm/prebuilt/linux-x86_64/bin/../lib/gcc/aarch64-linux-android/4.9.x -L/home/ubuntu/android-ndk-r21b/toolchains/llvm/prebuilt/linux-x86_64/bin/../lib/gcc/aarch64-linux-android/4.9.x/../../../../aarch64-linux-android/lib/../lib64 -L/home/ubuntu/android-ndk-r21b/toolchains/llvm/prebuilt/linux-x86_64/bin/../sysroot/usr/lib/aarch64-linux-android/21 -L/home/ubuntu/android-ndk-r21b/toolchains/llvm/prebuilt/linux-x86_64/bin/../sysroot/usr/lib/aarch64-linux-android -L/home/ubuntu/android-ndk-r21b/toolchains/llvm/prebuilt/linux-x86_64/bin/../lib/gcc/aarch64-linux-android/4.9.x/../../../../aarch64-linux-android/lib -L/home/ubuntu/android-ndk-r21b/toolchains/llvm/prebuilt/linux-x86_64/bin/../sysroot/usr/lib --gc-sections CMakeFiles/cmTC_93f40.dir/CMakeCCompilerABI.c.o -latomic -lm -lgcc -ldl -lc -lgcc -ldl /home/ubuntu/android-ndk-r21b/toolchains/llvm/prebuilt/linux-x86_64/bin/../sysroot/usr/lib/aarch64-linux-android/21/crtend_android.o]
    arg [/home/ubuntu/android-ndk-r21b/toolchains/llvm/prebuilt/linux-x86_64/bin/../lib/gcc/aarch64-linux-android/4.9.x/../../../../aarch64-linux-android/bin/ld] ==> ignore
    arg [-pie] ==> ignore
    arg [-znoexecstack] ==> ignore
    arg [-EL] ==> ignore
    arg [--fix-cortex-a53-843419] ==> ignore
    arg [--warn-shared-textrel] ==> ignore
    arg [-znow] ==> ignore
    arg [-zrelro] ==> ignore
    arg [-zmax-page-size=4096] ==> ignore
    arg [--hash-style=gnu] ==> ignore
    arg [--hash-style=both] ==> ignore
    arg [--enable-new-dtags] ==> ignore
    arg [--eh-frame-hdr] ==> ignore
    arg [-m] ==> ignore
    arg [aarch64linux] ==> ignore
    arg [-dynamic-linker] ==> ignore
    arg [/system/bin/linker64] ==> ignore
    arg [-o] ==> ignore
    arg [cmTC_93f40] ==> ignore
    arg [/home/ubuntu/android-ndk-r21b/toolchains/llvm/prebuilt/linux-x86_64/bin/../sysroot/usr/lib/aarch64-linux-android/21/crtbegin_dynamic.o] ==> ignore
    arg [-L/home/ubuntu/android-ndk-r21b/toolchains/llvm/prebuilt/linux-x86_64/lib64/clang/9.0.8/lib/linux/aarch64] ==> dir [/home/ubuntu/android-ndk-r21b/toolchains/llvm/prebuilt/linux-x86_64/lib64/clang/9.0.8/lib/linux/aarch64]
    arg [-L/home/ubuntu/android-ndk-r21b/toolchains/llvm/prebuilt/linux-x86_64/bin/../lib/gcc/aarch64-linux-android/4.9.x] ==> dir [/home/ubuntu/android-ndk-r21b/toolchains/llvm/prebuilt/linux-x86_64/bin/../lib/gcc/aarch64-linux-android/4.9.x]
    arg [-L/home/ubuntu/android-ndk-r21b/toolchains/llvm/prebuilt/linux-x86_64/bin/../lib/gcc/aarch64-linux-android/4.9.x/../../../../aarch64-linux-android/lib/../lib64] ==> dir [/home/ubuntu/android-ndk-r21b/toolchains/llvm/prebuilt/linux-x86_64/bin/../lib/gcc/aarch64-linux-android/4.9.x/../../../../aarch64-linux-android/lib/../lib64]
    arg [-L/home/ubuntu/android-ndk-r21b/toolchains/llvm/prebuilt/linux-x86_64/bin/../sysroot/usr/lib/aarch64-linux-android/21] ==> dir [/home/ubuntu/android-ndk-r21b/toolchains/llvm/prebuilt/linux-x86_64/bin/../sysroot/usr/lib/aarch64-linux-android/21]
    arg [-L/home/ubuntu/android-ndk-r21b/toolchains/llvm/prebuilt/linux-x86_64/bin/../sysroot/usr/lib/aarch64-linux-android] ==> dir [/home/ubuntu/android-ndk-r21b/toolchains/llvm/prebuilt/linux-x86_64/bin/../sysroot/usr/lib/aarch64-linux-android]
    arg [-L/home/ubuntu/android-ndk-r21b/toolchains/llvm/prebuilt/linux-x86_64/bin/../lib/gcc/aarch64-linux-android/4.9.x/../../../../aarch64-linux-android/lib] ==> dir [/home/ubuntu/android-ndk-r21b/toolchains/llvm/prebuilt/linux-x86_64/bin/../lib/gcc/aarch64-linux-android/4.9.x/../../../../aarch64-linux-android/lib]
    arg [-L/home/ubuntu/android-ndk-r21b/toolchains/llvm/prebuilt/linux-x86_64/bin/../sysroot/usr/lib] ==> dir [/home/ubuntu/android-ndk-r21b/toolchains/llvm/prebuilt/linux-x86_64/bin/../sysroot/usr/lib]
    arg [--gc-sections] ==> ignore
    arg [CMakeFiles/cmTC_93f40.dir/CMakeCCompilerABI.c.o] ==> ignore
    arg [-latomic] ==> lib [atomic]
    arg [-lm] ==> lib [m]
    arg [-lgcc] ==> lib [gcc]
    arg [-ldl] ==> lib [dl]
    arg [-lc] ==> lib [c]
    arg [-lgcc] ==> lib [gcc]
    arg [-ldl] ==> lib [dl]
    arg [/home/ubuntu/android-ndk-r21b/toolchains/llvm/prebuilt/linux-x86_64/bin/../sysroot/usr/lib/aarch64-linux-android/21/crtend_android.o] ==> ignore
  collapse library dir [/home/ubuntu/android-ndk-r21b/toolchains/llvm/prebuilt/linux-x86_64/lib64/clang/9.0.8/lib/linux/aarch64] ==> [/home/ubuntu/android-ndk-r21b/toolchains/llvm/prebuilt/linux-x86_64/lib64/clang/9.0.8/lib/linux/aarch64]
  collapse library dir [/home/ubuntu/android-ndk-r21b/toolchains/llvm/prebuilt/linux-x86_64/bin/../lib/gcc/aarch64-linux-android/4.9.x] ==> [/home/ubuntu/android-ndk-r21b/toolchains/llvm/prebuilt/linux-x86_64/lib/gcc/aarch64-linux-android/4.9.x]
  collapse library dir [/home/ubuntu/android-ndk-r21b/toolchains/llvm/prebuilt/linux-x86_64/bin/../lib/gcc/aarch64-linux-android/4.9.x/../../../../aarch64-linux-android/lib/../lib64] ==> [/home/ubuntu/android-ndk-r21b/toolchains/llvm/prebuilt/linux-x86_64/aarch64-linux-android/lib64]
  collapse library dir [/home/ubuntu/android-ndk-r21b/toolchains/llvm/prebuilt/linux-x86_64/bin/../sysroot/usr/lib/aarch64-linux-android/21] ==> [/home/ubuntu/android-ndk-r21b/toolchains/llvm/prebuilt/linux-x86_64/sysroot/usr/lib/aarch64-linux-android/21]
  collapse library dir [/home/ubuntu/android-ndk-r21b/toolchains/llvm/prebuilt/linux-x86_64/bin/../sysroot/usr/lib/aarch64-linux-android] ==> [/home/ubuntu/android-ndk-r21b/toolchains/llvm/prebuilt/linux-x86_64/sysroot/usr/lib/aarch64-linux-android]
  collapse library dir [/home/ubuntu/android-ndk-r21b/toolchains/llvm/prebuilt/linux-x86_64/bin/../lib/gcc/aarch64-linux-android/4.9.x/../../../../aarch64-linux-android/lib] ==> [/home/ubuntu/android-ndk-r21b/toolchains/llvm/prebuilt/linux-x86_64/aarch64-linux-android/lib]
  collapse library dir [/home/ubuntu/android-ndk-r21b/toolchains/llvm/prebuilt/linux-x86_64/bin/../sysroot/usr/lib] ==> [/home/ubuntu/android-ndk-r21b/toolchains/llvm/prebuilt/linux-x86_64/sysroot/usr/lib]
  implicit libs: [atomic;m;gcc;dl;c;gcc;dl]
  implicit dirs: [/home/ubuntu/android-ndk-r21b/toolchains/llvm/prebuilt/linux-x86_64/lib64/clang/9.0.8/lib/linux/aarch64;/home/ubuntu/android-ndk-r21b/toolchains/llvm/prebuilt/linux-x86_64/lib/gcc/aarch64-linux-android/4.9.x;/home/ubuntu/android-ndk-r21b/toolchains/llvm/prebuilt/linux-x86_64/aarch64-linux-android/lib64;/home/ubuntu/android-ndk-r21b/toolchains/llvm/prebuilt/linux-x86_64/sysroot/usr/lib/aarch64-linux-android/21;/home/ubuntu/android-ndk-r21b/toolchains/llvm/prebuilt/linux-x86_64/sysroot/usr/lib/aarch64-linux-android;/home/ubuntu/android-ndk-r21b/toolchains/llvm/prebuilt/linux-x86_64/aarch64-linux-android/lib;/home/ubuntu/android-ndk-r21b/toolchains/llvm/prebuilt/linux-x86_64/sysroot/usr/lib]
  implicit fwks: []


Determining if the CXX compiler works passed with the following output:
Change Dir: /home/ubuntu/lmdb/libraries/liblmdb/android-build/CMakeFiles/CMakeTmp

Run Build Command(s):/usr/bin/make cmTC_0c88c/fast && /usr/bin/make  -f CMakeFiles/cmTC_0c88c.dir/build.make CMakeFiles/cmTC_0c88c.dir/build
make[1]: Entering directory '/home/ubuntu/lmdb/libraries/liblmdb/android-build/CMakeFiles/CMakeTmp'
Building CXX object CMakeFiles/cmTC_0c88c.dir/testCXXCompiler.cxx.o
/home/ubuntu/android-ndk-r21b/toolchains/llvm/prebuilt/linux-x86_64/bin/clang++ --target=aarch64-none-linux-android21    -funwind-tables -no-canonical-prefixes -fexceptions -frtti -stdlib=libc++  -g -fPIE   -o CMakeFiles/cmTC_0c88c.dir/testCXXCompiler.cxx.o -c /home/ubuntu/lmdb/libraries/liblmdb/android-build/CMakeFiles/CMakeTmp/testCXXCompiler.cxx
Linking CXX executable cmTC_0c88c
/usr/local/bin/cmake -E cmake_link_script CMakeFiles/cmTC_0c88c.dir/link.txt --verbose=1
/home/ubuntu/android-ndk-r21b/toolchains/llvm/prebuilt/linux-x86_64/bin/clang++ --target=aarch64-none-linux-android21  -funwind-tables -no-canonical-prefixes -fexceptions -frtti -stdlib=libc++  -g  -Wl,--gc-sections  CMakeFiles/cmTC_0c88c.dir/testCXXCompiler.cxx.o  -o cmTC_0c88c   -static-libstdc++ -latomic -lm 
make[1]: Leaving directory '/home/ubuntu/lmdb/libraries/liblmdb/android-build/CMakeFiles/CMakeTmp'



Detecting CXX compiler ABI info compiled with the following output:
Change Dir: /home/ubuntu/lmdb/libraries/liblmdb/android-build/CMakeFiles/CMakeTmp

Run Build Command(s):/usr/bin/make cmTC_20c15/fast && /usr/bin/make  -f CMakeFiles/cmTC_20c15.dir/build.make CMakeFiles/cmTC_20c15.dir/build
make[1]: Entering directory '/home/ubuntu/lmdb/libraries/liblmdb/android-build/CMakeFiles/CMakeTmp'
Building CXX object CMakeFiles/cmTC_20c15.dir/CMakeCXXCompilerABI.cpp.o
/home/ubuntu/android-ndk-r21b/toolchains/llvm/prebuilt/linux-x86_64/bin/clang++ --target=aarch64-none-linux-android21    -funwind-tables -no-canonical-prefixes -fexceptions -frtti -stdlib=libc++  -g -fPIE   -v -o CMakeFiles/cmTC_20c15.dir/CMakeCXXCompilerABI.cpp.o -c /usr/local/share/cmake-3.17/Modules/CMakeCXXCompilerABI.cpp
Android (6317467 based on r365631c1) clang version 9.0.8 (https://android.googlesource.com/toolchain/llvm-project e0caee08e5f09b374a27a676d04978c81fcb1928) (based on LLVM 9.0.8svn)
Target: aarch64-none-linux-android21
Thread model: posix
InstalledDir: /home/ubuntu/android-ndk-r21b/toolchains/llvm/prebuilt/linux-x86_64/bin
Found candidate GCC installation: /home/ubuntu/android-ndk-r21b/toolchains/llvm/prebuilt/linux-x86_64/bin/../lib/gcc/aarch64-linux-android/4.9.x
Selected GCC installation: /home/ubuntu/android-ndk-r21b/toolchains/llvm/prebuilt/linux-x86_64/bin/../lib/gcc/aarch64-linux-android/4.9.x
Candidate multilib: .;@m64
Selected multilib: .;@m64
 "/home/ubuntu/android-ndk-r21b/toolchains/llvm/prebuilt/linux-x86_64/bin/clang++" -cc1 -triple aarch64-none-linux-android21 -emit-obj -mrelax-all -mnoexecstack -disable-free -disable-llvm-verifier -discard-value-names -main-file-name CMakeCXXCompilerABI.cpp -mrelocation-model pic -pic-level 2 -pic-is-pie -mthread-model posix -mdisable-fp-elim -masm-verbose -mconstructor-aliases -munwind-tables -fuse-init-array -target-cpu generic -target-feature +neon -target-abi aapcs -mllvm -aarch64-fix-cortex-a53-835769=1 -fallow-half-arguments-and-returns -dwarf-column-info -debug-info-kind=limited -dwarf-version=4 -debugger-tuning=gdb -v -coverage-notes-file /home/ubuntu/lmdb/libraries/liblmdb/android-build/CMakeFiles/CMakeTmp/CMakeFiles/cmTC_20c15.dir/CMakeCXXCompilerABI.cpp.gcno -resource-dir /home/ubuntu/android-ndk-r21b/toolchains/llvm/prebuilt/linux-x86_64/lib64/clang/9.0.8 -internal-isystem /home/ubuntu/android-ndk-r21b/toolchains/llvm/prebuilt/linux-x86_64/bin/../sysroot/usr/include/c++/v1 -internal-isystem /home/ubuntu/android-ndk-r21b/toolchains/llvm/prebuilt/linux-x86_64/bin/../sysroot/usr/local/include -internal-isystem /home/ubuntu/android-ndk-r21b/toolchains/llvm/prebuilt/linux-x86_64/lib64/clang/9.0.8/include -internal-externc-isystem /home/ubuntu/android-ndk-r21b/toolchains/llvm/prebuilt/linux-x86_64/bin/../sysroot/usr/include/aarch64-linux-android -internal-externc-isystem /home/ubuntu/android-ndk-r21b/toolchains/llvm/prebuilt/linux-x86_64/bin/../sysroot/include -internal-externc-isystem /home/ubuntu/android-ndk-r21b/toolchains/llvm/prebuilt/linux-x86_64/bin/../sysroot/usr/include -fdeprecated-macro -fdebug-compilation-dir /home/ubuntu/lmdb/libraries/liblmdb/android-build/CMakeFiles/CMakeTmp -ferror-limit 19 -fmessage-length 0 -fno-signed-char -fobjc-runtime=gcc -fcxx-exceptions -fexceptions -fdiagnostics-show-option -o CMakeFiles/cmTC_20c15.dir/CMakeCXXCompilerABI.cpp.o -x c++ /usr/local/share/cmake-3.17/Modules/CMakeCXXCompilerABI.cpp
clang -cc1 version 9.0.8 based upon LLVM 9.0.8svn default target x86_64-unknown-linux-gnu
ignoring nonexistent directory "/home/ubuntu/android-ndk-r21b/toolchains/llvm/prebuilt/linux-x86_64/bin/../sysroot/include"
#include "..." search starts here:
#include <...> search starts here:
 /home/ubuntu/android-ndk-r21b/toolchains/llvm/prebuilt/linux-x86_64/bin/../sysroot/usr/include/c++/v1
 /home/ubuntu/android-ndk-r21b/toolchains/llvm/prebuilt/linux-x86_64/bin/../sysroot/usr/local/include
 /home/ubuntu/android-ndk-r21b/toolchains/llvm/prebuilt/linux-x86_64/lib64/clang/9.0.8/include
 /home/ubuntu/android-ndk-r21b/toolchains/llvm/prebuilt/linux-x86_64/bin/../sysroot/usr/include/aarch64-linux-android
 /home/ubuntu/android-ndk-r21b/toolchains/llvm/prebuilt/linux-x86_64/bin/../sysroot/usr/include
End of search list.
Linking CXX executable cmTC_20c15
/usr/local/bin/cmake -E cmake_link_script CMakeFiles/cmTC_20c15.dir/link.txt --verbose=1
/home/ubuntu/android-ndk-r21b/toolchains/llvm/prebuilt/linux-x86_64/bin/clang++ --target=aarch64-none-linux-android21  -funwind-tables -no-canonical-prefixes -fexceptions -frtti -stdlib=libc++  -g  -Wl,--gc-sections -v CMakeFiles/cmTC_20c15.dir/CMakeCXXCompilerABI.cpp.o  -o cmTC_20c15   -static-libstdc++ -latomic -lm 
Android (6317467 based on r365631c1) clang version 9.0.8 (https://android.googlesource.com/toolchain/llvm-project e0caee08e5f09b374a27a676d04978c81fcb1928) (based on LLVM 9.0.8svn)
Target: aarch64-none-linux-android21
Thread model: posix
InstalledDir: /home/ubuntu/android-ndk-r21b/toolchains/llvm/prebuilt/linux-x86_64/bin
Found candidate GCC installation: /home/ubuntu/android-ndk-r21b/toolchains/llvm/prebuilt/linux-x86_64/bin/../lib/gcc/aarch64-linux-android/4.9.x
Selected GCC installation: /home/ubuntu/android-ndk-r21b/toolchains/llvm/prebuilt/linux-x86_64/bin/../lib/gcc/aarch64-linux-android/4.9.x
Candidate multilib: .;@m64
Selected multilib: .;@m64
 "/home/ubuntu/android-ndk-r21b/toolchains/llvm/prebuilt/linux-x86_64/bin/../lib/gcc/aarch64-linux-android/4.9.x/../../../../aarch64-linux-android/bin/ld" -pie -z noexecstack -EL --fix-cortex-a53-843419 --warn-shared-textrel -z now -z relro -z max-page-size=4096 --hash-style=gnu --hash-style=both --enable-new-dtags --eh-frame-hdr -m aarch64linux -dynamic-linker /system/bin/linker64 -o cmTC_20c15 /home/ubuntu/android-ndk-r21b/toolchains/llvm/prebuilt/linux-x86_64/bin/../sysroot/usr/lib/aarch64-linux-android/21/crtbegin_dynamic.o -L/home/ubuntu/android-ndk-r21b/toolchains/llvm/prebuilt/linux-x86_64/lib64/clang/9.0.8/lib/linux/aarch64 -L/home/ubuntu/android-ndk-r21b/toolchains/llvm/prebuilt/linux-x86_64/bin/../lib/gcc/aarch64-linux-android/4.9.x -L/home/ubuntu/android-ndk-r21b/toolchains/llvm/prebuilt/linux-x86_64/bin/../lib/gcc/aarch64-linux-android/4.9.x/../../../../aarch64-linux-android/lib/../lib64 -L/home/ubuntu/android-ndk-r21b/toolchains/llvm/prebuilt/linux-x86_64/bin/../sysroot/usr/lib/aarch64-linux-android/21 -L/home/ubuntu/android-ndk-r21b/toolchains/llvm/prebuilt/linux-x86_64/bin/../sysroot/usr/lib/aarch64-linux-android -L/home/ubuntu/android-ndk-r21b/toolchains/llvm/prebuilt/linux-x86_64/bin/../lib/gcc/aarch64-linux-android/4.9.x/../../../../aarch64-linux-android/lib -L/home/ubuntu/android-ndk-r21b/toolchains/llvm/prebuilt/linux-x86_64/bin/../sysroot/usr/lib --gc-sections CMakeFiles/cmTC_20c15.dir/CMakeCXXCompilerABI.cpp.o -latomic -lm -Bstatic -lc++ -Bdynamic -lm -lgcc -ldl -lc -lgcc -ldl /home/ubuntu/android-ndk-r21b/toolchains/llvm/prebuilt/linux-x86_64/bin/../sysroot/usr/lib/aarch64-linux-android/21/crtend_android.o
make[1]: Leaving directory '/home/ubuntu/lmdb/libraries/liblmdb/android-build/CMakeFiles/CMakeTmp'



Parsed CXX implicit include dir info from above output: rv=done
  found start of include info
  found start of implicit include info
    add: [/home/ubuntu/android-ndk-r21b/toolchains/llvm/prebuilt/linux-x86_64/bin/../sysroot/usr/include/c++/v1]
    add: [/home/ubuntu/android-ndk-r21b/toolchains/llvm/prebuilt/linux-x86_64/bin/../sysroot/usr/local/include]
    add: [/home/ubuntu/android-ndk-r21b/toolchains/llvm/prebuilt/linux-x86_64/lib64/clang/9.0.8/include]
    add: [/home/ubuntu/android-ndk-r21b/toolchains/llvm/prebuilt/linux-x86_64/bin/../sysroot/usr/include/aarch64-linux-android]
    add: [/home/ubuntu/android-ndk-r21b/toolchains/llvm/prebuilt/linux-x86_64/bin/../sysroot/usr/include]
  end of search list found
  collapse include dir [/home/ubuntu/android-ndk-r21b/toolchains/llvm/prebuilt/linux-x86_64/bin/../sysroot/usr/include/c++/v1] ==> [/home/ubuntu/android-ndk-r21b/toolchains/llvm/prebuilt/linux-x86_64/sysroot/usr/include/c++/v1]
  collapse include dir [/home/ubuntu/android-ndk-r21b/toolchains/llvm/prebuilt/linux-x86_64/bin/../sysroot/usr/local/include] ==> [/home/ubuntu/android-ndk-r21b/toolchains/llvm/prebuilt/linux-x86_64/sysroot/usr/local/include]
  collapse include dir [/home/ubuntu/android-ndk-r21b/toolchains/llvm/prebuilt/linux-x86_64/lib64/clang/9.0.8/include] ==> [/home/ubuntu/android-ndk-r21b/toolchains/llvm/prebuilt/linux-x86_64/lib64/clang/9.0.8/include]
  collapse include dir [/home/ubuntu/android-ndk-r21b/toolchains/llvm/prebuilt/linux-x86_64/bin/../sysroot/usr/include/aarch64-linux-android] ==> [/home/ubuntu/android-ndk-r21b/toolchains/llvm/prebuilt/linux-x86_64/sysroot/usr/include/aarch64-linux-android]
  collapse include dir [/home/ubuntu/android-ndk-r21b/toolchains/llvm/prebuilt/linux-x86_64/bin/../sysroot/usr/include] ==> [/home/ubuntu/android-ndk-r21b/toolchains/llvm/prebuilt/linux-x86_64/sysroot/usr/include]
  implicit include dirs: [/home/ubuntu/android-ndk-r21b/toolchains/llvm/prebuilt/linux-x86_64/sysroot/usr/include/c++/v1;/home/ubuntu/android-ndk-r21b/toolchains/llvm/prebuilt/linux-x86_64/sysroot/usr/local/include;/home/ubuntu/android-ndk-r21b/toolchains/llvm/prebuilt/linux-x86_64/lib64/clang/9.0.8/include;/home/ubuntu/android-ndk-r21b/toolchains/llvm/prebuilt/linux-x86_64/sysroot/usr/include/aarch64-linux-android;/home/ubuntu/android-ndk-r21b/toolchains/llvm/prebuilt/linux-x86_64/sysroot/usr/include]


Parsed CXX implicit link information from above output:
  link line regex: [^( *|.*[/\])(aarch64-linux-android-ld|CMAKE_LINK_STARTFILE-NOTFOUND|([^/\]+-)?ld|collect2)[^/\]*( |$)]
  ignore line: [Change Dir: /home/ubuntu/lmdb/libraries/liblmdb/android-build/CMakeFiles/CMakeTmp]
  ignore line: []
  ignore line: [Run Build Command(s):/usr/bin/make cmTC_20c15/fast && /usr/bin/make  -f CMakeFiles/cmTC_20c15.dir/build.make CMakeFiles/cmTC_20c15.dir/build]
  ignore line: [make[1]: Entering directory '/home/ubuntu/lmdb/libraries/liblmdb/android-build/CMakeFiles/CMakeTmp']
  ignore line: [Building CXX object CMakeFiles/cmTC_20c15.dir/CMakeCXXCompilerABI.cpp.o]
  ignore line: [/home/ubuntu/android-ndk-r21b/toolchains/llvm/prebuilt/linux-x86_64/bin/clang++ --target=aarch64-none-linux-android21    -funwind-tables -no-canonical-prefixes -fexceptions -frtti -stdlib=libc++  -g -fPIE   -v -o CMakeFiles/cmTC_20c15.dir/CMakeCXXCompilerABI.cpp.o -c /usr/local/share/cmake-3.17/Modules/CMakeCXXCompilerABI.cpp]
  ignore line: [Android (6317467 based on r365631c1) clang version 9.0.8 (https://android.googlesource.com/toolchain/llvm-project e0caee08e5f09b374a27a676d04978c81fcb1928) (based on LLVM 9.0.8svn)]
  ignore line: [Target: aarch64-none-linux-android21]
  ignore line: [Thread model: posix]
  ignore line: [InstalledDir: /home/ubuntu/android-ndk-r21b/toolchains/llvm/prebuilt/linux-x86_64/bin]
  ignore line: [Found candidate GCC installation: /home/ubuntu/android-ndk-r21b/toolchains/llvm/prebuilt/linux-x86_64/bin/../lib/gcc/aarch64-linux-android/4.9.x]
  ignore line: [Selected GCC installation: /home/ubuntu/android-ndk-r21b/toolchains/llvm/prebuilt/linux-x86_64/bin/../lib/gcc/aarch64-linux-android/4.9.x]
  ignore line: [Candidate multilib: .]
  ignore line: [@m64]
  ignore line: [Selected multilib: .]
  ignore line: [@m64]
  ignore line: [ "/home/ubuntu/android-ndk-r21b/toolchains/llvm/prebuilt/linux-x86_64/bin/clang++" -cc1 -triple aarch64-none-linux-android21 -emit-obj -mrelax-all -mnoexecstack -disable-free -disable-llvm-verifier -discard-value-names -main-file-name CMakeCXXCompilerABI.cpp -mrelocation-model pic -pic-level 2 -pic-is-pie -mthread-model posix -mdisable-fp-elim -masm-verbose -mconstructor-aliases -munwind-tables -fuse-init-array -target-cpu generic -target-feature +neon -target-abi aapcs -mllvm -aarch64-fix-cortex-a53-835769=1 -fallow-half-arguments-and-returns -dwarf-column-info -debug-info-kind=limited -dwarf-version=4 -debugger-tuning=gdb -v -coverage-notes-file /home/ubuntu/lmdb/libraries/liblmdb/android-build/CMakeFiles/CMakeTmp/CMakeFiles/cmTC_20c15.dir/CMakeCXXCompilerABI.cpp.gcno -resource-dir /home/ubuntu/android-ndk-r21b/toolchains/llvm/prebuilt/linux-x86_64/lib64/clang/9.0.8 -internal-isystem /home/ubuntu/android-ndk-r21b/toolchains/llvm/prebuilt/linux-x86_64/bin/../sysroot/usr/include/c++/v1 -internal-isystem /home/ubuntu/android-ndk-r21b/toolchains/llvm/prebuilt/linux-x86_64/bin/../sysroot/usr/local/include -internal-isystem /home/ubuntu/android-ndk-r21b/toolchains/llvm/prebuilt/linux-x86_64/lib64/clang/9.0.8/include -internal-externc-isystem /home/ubuntu/android-ndk-r21b/toolchains/llvm/prebuilt/linux-x86_64/bin/../sysroot/usr/include/aarch64-linux-android -internal-externc-isystem /home/ubuntu/android-ndk-r21b/toolchains/llvm/prebuilt/linux-x86_64/bin/../sysroot/include -internal-externc-isystem /home/ubuntu/android-ndk-r21b/toolchains/llvm/prebuilt/linux-x86_64/bin/../sysroot/usr/include -fdeprecated-macro -fdebug-compilation-dir /home/ubuntu/lmdb/libraries/liblmdb/android-build/CMakeFiles/CMakeTmp -ferror-limit 19 -fmessage-length 0 -fno-signed-char -fobjc-runtime=gcc -fcxx-exceptions -fexceptions -fdiagnostics-show-option -o CMakeFiles/cmTC_20c15.dir/CMakeCXXCompilerABI.cpp.o -x c++ /usr/local/share/cmake-3.17/Modules/CMakeCXXCompilerABI.cpp]
  ignore line: [clang -cc1 version 9.0.8 based upon LLVM 9.0.8svn default target x86_64-unknown-linux-gnu]
  ignore line: [ignoring nonexistent directory "/home/ubuntu/android-ndk-r21b/toolchains/llvm/prebuilt/linux-x86_64/bin/../sysroot/include"]
  ignore line: [#include "..." search starts here:]
  ignore line: [#include <...> search starts here:]
  ignore line: [ /home/ubuntu/android-ndk-r21b/toolchains/llvm/prebuilt/linux-x86_64/bin/../sysroot/usr/include/c++/v1]
  ignore line: [ /home/ubuntu/android-ndk-r21b/toolchains/llvm/prebuilt/linux-x86_64/bin/../sysroot/usr/local/include]
  ignore line: [ /home/ubuntu/android-ndk-r21b/toolchains/llvm/prebuilt/linux-x86_64/lib64/clang/9.0.8/include]
  ignore line: [ /home/ubuntu/android-ndk-r21b/toolchains/llvm/prebuilt/linux-x86_64/bin/../sysroot/usr/include/aarch64-linux-android]
  ignore line: [ /home/ubuntu/android-ndk-r21b/toolchains/llvm/prebuilt/linux-x86_64/bin/../sysroot/usr/include]
  ignore line: [End of search list.]
  ignore line: [Linking CXX executable cmTC_20c15]
  ignore line: [/usr/local/bin/cmake -E cmake_link_script CMakeFiles/cmTC_20c15.dir/link.txt --verbose=1]
  ignore line: [/home/ubuntu/android-ndk-r21b/toolchains/llvm/prebuilt/linux-x86_64/bin/clang++ --target=aarch64-none-linux-android21  -funwind-tables -no-canonical-prefixes -fexceptions -frtti -stdlib=libc++  -g  -Wl --gc-sections -v CMakeFiles/cmTC_20c15.dir/CMakeCXXCompilerABI.cpp.o  -o cmTC_20c15   -static-libstdc++ -latomic -lm ]
  ignore line: [Android (6317467 based on r365631c1) clang version 9.0.8 (https://android.googlesource.com/toolchain/llvm-project e0caee08e5f09b374a27a676d04978c81fcb1928) (based on LLVM 9.0.8svn)]
  ignore line: [Target: aarch64-none-linux-android21]
  ignore line: [Thread model: posix]
  ignore line: [InstalledDir: /home/ubuntu/android-ndk-r21b/toolchains/llvm/prebuilt/linux-x86_64/bin]
  ignore line: [Found candidate GCC installation: /home/ubuntu/android-ndk-r21b/toolchains/llvm/prebuilt/linux-x86_64/bin/../lib/gcc/aarch64-linux-android/4.9.x]
  ignore line: [Selected GCC installation: /home/ubuntu/android-ndk-r21b/toolchains/llvm/prebuilt/linux-x86_64/bin/../lib/gcc/aarch64-linux-android/4.9.x]
  ignore line: [Candidate multilib: .]
  ignore line: [@m64]
  ignore line: [Selected multilib: .]
  ignore line: [@m64]
  link line: [ "/home/ubuntu/android-ndk-r21b/toolchains/llvm/prebuilt/linux-x86_64/bin/../lib/gcc/aarch64-linux-android/4.9.x/../../../../aarch64-linux-android/bin/ld" -pie -z noexecstack -EL --fix-cortex-a53-843419 --warn-shared-textrel -z now -z relro -z max-page-size=4096 --hash-style=gnu --hash-style=both --enable-new-dtags --eh-frame-hdr -m aarch64linux -dynamic-linker /system/bin/linker64 -o cmTC_20c15 /home/ubuntu/android-ndk-r21b/toolchains/llvm/prebuilt/linux-x86_64/bin/../sysroot/usr/lib/aarch64-linux-android/21/crtbegin_dynamic.o -L/home/ubuntu/android-ndk-r21b/toolchains/llvm/prebuilt/linux-x86_64/lib64/clang/9.0.8/lib/linux/aarch64 -L/home/ubuntu/android-ndk-r21b/toolchains/llvm/prebuilt/linux-x86_64/bin/../lib/gcc/aarch64-linux-android/4.9.x -L/home/ubuntu/android-ndk-r21b/toolchains/llvm/prebuilt/linux-x86_64/bin/../lib/gcc/aarch64-linux-android/4.9.x/../../../../aarch64-linux-android/lib/../lib64 -L/home/ubuntu/android-ndk-r21b/toolchains/llvm/prebuilt/linux-x86_64/bin/../sysroot/usr/lib/aarch64-linux-android/21 -L/home/ubuntu/android-ndk-r21b/toolchains/llvm/prebuilt/linux-x86_64/bin/../sysroot/usr/lib/aarch64-linux-android -L/home/ubuntu/android-ndk-r21b/toolchains/llvm/prebuilt/linux-x86_64/bin/../lib/gcc/aarch64-linux-android/4.9.x/../../../../aarch64-linux-android/lib -L/home/ubuntu/android-ndk-r21b/toolchains/llvm/prebuilt/linux-x86_64/bin/../sysroot/usr/lib --gc-sections CMakeFiles/cmTC_20c15.dir/CMakeCXXCompilerABI.cpp.o -latomic -lm -Bstatic -lc++ -Bdynamic -lm -lgcc -ldl -lc -lgcc -ldl /home/ubuntu/android-ndk-r21b/toolchains/llvm/prebuilt/linux-x86_64/bin/../sysroot/usr/lib/aarch64-linux-android/21/crtend_android.o]
    arg [/home/ubuntu/android-ndk-r21b/toolchains/llvm/prebuilt/linux-x86_64/bin/../lib/gcc/aarch64-linux-android/4.9.x/../../../../aarch64-linux-android/bin/ld] ==> ignore
    arg [-pie] ==> ignore
    arg [-znoexecstack] ==> ignore
    arg [-EL] ==> ignore
    arg [--fix-cortex-a53-843419] ==> ignore
    arg [--warn-shared-textrel] ==> ignore
    arg [-znow] ==> ignore
    arg [-zrelro] ==> ignore
    arg [-zmax-page-size=4096] ==> ignore
    arg [--hash-style=gnu] ==> ignore
    arg [--hash-style=both] ==> ignore
    arg [--enable-new-dtags] ==> ignore
    arg [--eh-frame-hdr] ==> ignore
    arg [-m] ==> ignore
    arg [aarch64linux] ==> ignore
    arg [-dynamic-linker] ==> ignore
    arg [/system/bin/linker64] ==> ignore
    arg [-o] ==> ignore
    arg [cmTC_20c15] ==> ignore
    arg [/home/ubuntu/android-ndk-r21b/toolchains/llvm/prebuilt/linux-x86_64/bin/../sysroot/usr/lib/aarch64-linux-android/21/crtbegin_dynamic.o] ==> ignore
    arg [-L/home/ubuntu/android-ndk-r21b/toolchains/llvm/prebuilt/linux-x86_64/lib64/clang/9.0.8/lib/linux/aarch64] ==> dir [/home/ubuntu/android-ndk-r21b/toolchains/llvm/prebuilt/linux-x86_64/lib64/clang/9.0.8/lib/linux/aarch64]
    arg [-L/home/ubuntu/android-ndk-r21b/toolchains/llvm/prebuilt/linux-x86_64/bin/../lib/gcc/aarch64-linux-android/4.9.x] ==> dir [/home/ubuntu/android-ndk-r21b/toolchains/llvm/prebuilt/linux-x86_64/bin/../lib/gcc/aarch64-linux-android/4.9.x]
    arg [-L/home/ubuntu/android-ndk-r21b/toolchains/llvm/prebuilt/linux-x86_64/bin/../lib/gcc/aarch64-linux-android/4.9.x/../../../../aarch64-linux-android/lib/../lib64] ==> dir [/home/ubuntu/android-ndk-r21b/toolchains/llvm/prebuilt/linux-x86_64/bin/../lib/gcc/aarch64-linux-android/4.9.x/../../../../aarch64-linux-android/lib/../lib64]
    arg [-L/home/ubuntu/android-ndk-r21b/toolchains/llvm/prebuilt/linux-x86_64/bin/../sysroot/usr/lib/aarch64-linux-android/21] ==> dir [/home/ubuntu/android-ndk-r21b/toolchains/llvm/prebuilt/linux-x86_64/bin/../sysroot/usr/lib/aarch64-linux-android/21]
    arg [-L/home/ubuntu/android-ndk-r21b/toolchains/llvm/prebuilt/linux-x86_64/bin/../sysroot/usr/lib/aarch64-linux-android] ==> dir [/home/ubuntu/android-ndk-r21b/toolchains/llvm/prebuilt/linux-x86_64/bin/../sysroot/usr/lib/aarch64-linux-android]
    arg [-L/home/ubuntu/android-ndk-r21b/toolchains/llvm/prebuilt/linux-x86_64/bin/../lib/gcc/aarch64-linux-android/4.9.x/../../../../aarch64-linux-android/lib] ==> dir [/home/ubuntu/android-ndk-r21b/toolchains/llvm/prebuilt/linux-x86_64/bin/../lib/gcc/aarch64-linux-android/4.9.x/../../../../aarch64-linux-android/lib]
    arg [-L/home/ubuntu/android-ndk-r21b/toolchains/llvm/prebuilt/linux-x86_64/bin/../sysroot/usr/lib] ==> dir [/home/ubuntu/android-ndk-r21b/toolchains/llvm/prebuilt/linux-x86_64/bin/../sysroot/usr/lib]
    arg [--gc-sections] ==> ignore
    arg [CMakeFiles/cmTC_20c15.dir/CMakeCXXCompilerABI.cpp.o] ==> ignore
    arg [-latomic] ==> lib [atomic]
    arg [-lm] ==> lib [m]
    arg [-Bstatic] ==> ignore
    arg [-lc++] ==> lib [c++]
    arg [-Bdynamic] ==> ignore
    arg [-lm] ==> lib [m]
    arg [-lgcc] ==> lib [gcc]
    arg [-ldl] ==> lib [dl]
    arg [-lc] ==> lib [c]
    arg [-lgcc] ==> lib [gcc]
    arg [-ldl] ==> lib [dl]
    arg [/home/ubuntu/android-ndk-r21b/toolchains/llvm/prebuilt/linux-x86_64/bin/../sysroot/usr/lib/aarch64-linux-android/21/crtend_android.o] ==> ignore
  collapse library dir [/home/ubuntu/android-ndk-r21b/toolchains/llvm/prebuilt/linux-x86_64/lib64/clang/9.0.8/lib/linux/aarch64] ==> [/home/ubuntu/android-ndk-r21b/toolchains/llvm/prebuilt/linux-x86_64/lib64/clang/9.0.8/lib/linux/aarch64]
  collapse library dir [/home/ubuntu/android-ndk-r21b/toolchains/llvm/prebuilt/linux-x86_64/bin/../lib/gcc/aarch64-linux-android/4.9.x] ==> [/home/ubuntu/android-ndk-r21b/toolchains/llvm/prebuilt/linux-x86_64/lib/gcc/aarch64-linux-android/4.9.x]
  collapse library dir [/home/ubuntu/android-ndk-r21b/toolchains/llvm/prebuilt/linux-x86_64/bin/../lib/gcc/aarch64-linux-android/4.9.x/../../../../aarch64-linux-android/lib/../lib64] ==> [/home/ubuntu/android-ndk-r21b/toolchains/llvm/prebuilt/linux-x86_64/aarch64-linux-android/lib64]
  collapse library dir [/home/ubuntu/android-ndk-r21b/toolchains/llvm/prebuilt/linux-x86_64/bin/../sysroot/usr/lib/aarch64-linux-android/21] ==> [/home/ubuntu/android-ndk-r21b/toolchains/llvm/prebuilt/linux-x86_64/sysroot/usr/lib/aarch64-linux-android/21]
  collapse library dir [/home/ubuntu/android-ndk-r21b/toolchains/llvm/prebuilt/linux-x86_64/bin/../sysroot/usr/lib/aarch64-linux-android] ==> [/home/ubuntu/android-ndk-r21b/toolchains/llvm/prebuilt/linux-x86_64/sysroot/usr/lib/aarch64-linux-android]
  collapse library dir [/home/ubuntu/android-ndk-r21b/toolchains/llvm/prebuilt/linux-x86_64/bin/../lib/gcc/aarch64-linux-android/4.9.x/../../../../aarch64-linux-android/lib] ==> [/home/ubuntu/android-ndk-r21b/toolchains/llvm/prebuilt/linux-x86_64/aarch64-linux-android/lib]
  collapse library dir [/home/ubuntu/android-ndk-r21b/toolchains/llvm/prebuilt/linux-x86_64/bin/../sysroot/usr/lib] ==> [/home/ubuntu/android-ndk-r21b/toolchains/llvm/prebuilt/linux-x86_64/sysroot/usr/lib]
  implicit libs: [atomic;m;c++;m;gcc;dl;c;gcc;dl]
  implicit dirs: [/home/ubuntu/android-ndk-r21b/toolchains/llvm/prebuilt/linux-x86_64/lib64/clang/9.0.8/lib/linux/aarch64;/home/ubuntu/android-ndk-r21b/toolchains/llvm/prebuilt/linux-x86_64/lib/gcc/aarch64-linux-android/4.9.x;/home/ubuntu/android-ndk-r21b/toolchains/llvm/prebuilt/linux-x86_64/aarch64-linux-android/lib64;/home/ubuntu/android-ndk-r21b/toolchains/llvm/prebuilt/linux-x86_64/sysroot/usr/lib/aarch64-linux-android/21;/home/ubuntu/android-ndk-r21b/toolchains/llvm/prebuilt/linux-x86_64/sysroot/usr/lib/aarch64-linux-android;/home/ubuntu/android-ndk-r21b/toolchains/llvm/prebuilt/linux-x86_64/aarch64-linux-android/lib;/home/ubuntu/android-ndk-r21b/toolchains/llvm/prebuilt/linux-x86_64/sysroot/usr/lib]
  implicit fwks: []


