  Building Custom Rule D:/03_TASK/01_blockchain/03-GNUS/work/lmdb/libraries/liblmdb/CMakeLists.txt
  CMake does not need to re-run because D:/03_TASK/01_blockchain/03-GNUS/work/lmdb/libraries/liblmdb/build/CMakeFiles/generate.stamp is up-to-date.
  mdb.c
d:\03_task\01_blockchain\03-gnus\work\lmdb\libraries\liblmdb\mdb.c(941): warning C4146: unary minus operator applied to unsigned type, result still unsigned
d:\03_task\01_blockchain\03-gnus\work\lmdb\libraries\liblmdb\mdb.c(1742): warning C4996: 'strerror': This function or variable may be unsafe. Consider using strerror_s instead. To disable deprecation, use _CRT_SECURE_NO_WARNINGS. See online help for details.
  c:\program files (x86)\windows kits\10\include\10.0.17763.0\ucrt\string.h(182): note: see declaration of 'strerror'
d:\03_task\01_blockchain\03-gnus\work\lmdb\libraries\liblmdb\mdb.c(1772): warning C4996: 'sprintf': This function or variable may be unsafe. Consider using sprintf_s instead. To disable deprecation, use _CRT_SECURE_NO_WARNINGS. See online help for details.
  c:\program files (x86)\windows kits\10\include\10.0.17763.0\ucrt\stdio.h(1774): note: see declaration of 'sprintf'
d:\03_task\01_blockchain\03-gnus\work\lmdb\libraries\liblmdb\mdb.c(2064): warning C4267: 'initializing': conversion from 'size_t' to 'unsigned int', possible loss of data
d:\03_task\01_blockchain\03-gnus\work\lmdb\libraries\liblmdb\mdb.c(2292): warning C4267: '+=': conversion from 'size_t' to 'unsigned int', possible loss of data
d:\03_task\01_blockchain\03-gnus\work\lmdb\libraries\liblmdb\mdb.c(2331): warning C4267: '=': conversion from 'size_t' to 'unsigned int', possible loss of data
d:\03_task\01_blockchain\03-gnus\work\lmdb\libraries\liblmdb\mdb.c(2306): warning C4267: 'initializing': conversion from 'size_t' to 'unsigned int', possible loss of data
d:\03_task\01_blockchain\03-gnus\work\lmdb\libraries\liblmdb\mdb.c(2549): warning C4267: '=': conversion from 'size_t' to 'unsigned int', possible loss of data
d:\03_task\01_blockchain\03-gnus\work\lmdb\libraries\liblmdb\mdb.c(2569): warning C4267: '=': conversion from 'size_t' to 'unsigned int', possible loss of data
d:\03_task\01_blockchain\03-gnus\work\lmdb\libraries\liblmdb\mdb.c(2448): warning C4267: 'initializing': conversion from 'size_t' to 'unsigned int', possible loss of data
d:\03_task\01_blockchain\03-gnus\work\lmdb\libraries\liblmdb\mdb.c(2744): warning C4267: '=': conversion from 'size_t' to 'unsigned short', possible loss of data
d:\03_task\01_blockchain\03-gnus\work\lmdb\libraries\liblmdb\mdb.c(3227): warning C4267: '=': conversion from 'size_t' to 'int', possible loss of data
d:\03_task\01_blockchain\03-gnus\work\lmdb\libraries\liblmdb\mdb.c(3228): warning C4267: 'function': conversion from 'size_t' to 'int', possible loss of data
d:\03_task\01_blockchain\03-gnus\work\lmdb\libraries\liblmdb\mdb.c(3768): warning C4244: '=': conversion from 'int64_t' to 'DWORD', possible loss of data
d:\03_task\01_blockchain\03-gnus\work\lmdb\libraries\liblmdb\mdb.c(3778): warning C4244: 'function': conversion from 'ssize_t' to 'DWORD', possible loss of data
d:\03_task\01_blockchain\03-gnus\work\lmdb\libraries\liblmdb\mdb.c(3850): warning C4133: 'function': incompatible types - from 'ssize_t *' to 'LPDWORD'
d:\03_task\01_blockchain\03-gnus\work\lmdb\libraries\liblmdb\mdb.c(3665): warning C4267: 'initializing': conversion from 'size_t' to 'int', possible loss of data
d:\03_task\01_blockchain\03-gnus\work\lmdb\libraries\liblmdb\mdb.c(3708): warning C4244: 'initializing': conversion from 'double' to 'int', possible loss of data
d:\03_task\01_blockchain\03-gnus\work\lmdb\libraries\liblmdb\mdb.c(3760): warning C4102: 'retry_write': unreferenced label
d:\03_task\01_blockchain\03-gnus\work\lmdb\libraries\liblmdb\mdb.c(3959): warning C4267: '=': conversion from 'size_t' to 'unsigned int', possible loss of data
d:\03_task\01_blockchain\03-gnus\work\lmdb\libraries\liblmdb\mdb.c(3963): warning C4267: '=': conversion from 'size_t' to 'unsigned int', possible loss of data
d:\03_task\01_blockchain\03-gnus\work\lmdb\libraries\liblmdb\mdb.c(3999): warning C4267: '=': conversion from 'size_t' to 'unsigned int', possible loss of data
d:\03_task\01_blockchain\03-gnus\work\lmdb\libraries\liblmdb\mdb.c(4002): warning C4267: '=': conversion from 'size_t' to 'unsigned int', possible loss of data
d:\03_task\01_blockchain\03-gnus\work\lmdb\libraries\liblmdb\mdb.c(4017): warning C4267: '=': conversion from 'size_t' to 'unsigned int', possible loss of data
d:\03_task\01_blockchain\03-gnus\work\lmdb\libraries\liblmdb\mdb.c(4335): warning C4267: '=': conversion from 'size_t' to 'int', possible loss of data
d:\03_task\01_blockchain\03-gnus\work\lmdb\libraries\liblmdb\mdb.c(4346): warning C4244: '=': conversion from 'int64_t' to 'DWORD', possible loss of data
d:\03_task\01_blockchain\03-gnus\work\lmdb\libraries\liblmdb\mdb.c(4369): warning C4244: '=': conversion from 'int64_t' to 'DWORD', possible loss of data
d:\03_task\01_blockchain\03-gnus\work\lmdb\libraries\liblmdb\mdb.c(4375): warning C4102: 'fail': unreferenced label
d:\03_task\01_blockchain\03-gnus\work\lmdb\libraries\liblmdb\mdb.c(4381): warning C4102: 'done': unreferenced label
d:\03_task\01_blockchain\03-gnus\work\lmdb\libraries\liblmdb\mdb.c(4754): warning C4996: 'wcscpy': This function or variable may be unsafe. Consider using wcscpy_s instead. To disable deprecation, use _CRT_SECURE_NO_WARNINGS. See online help for details.
  c:\program files (x86)\windows kits\10\include\10.0.17763.0\ucrt\corecrt_wstring.h(123): note: see declaration of 'wcscpy'
d:\03_task\01_blockchain\03-gnus\work\lmdb\libraries\liblmdb\mdb.c(4851): warning C4996: 'GetVersion': was declared deprecated
  c:\program files (x86)\windows kits\10\include\10.0.17763.0\um\sysinfoapi.h(135): note: see declaration of 'GetVersion'
d:\03_task\01_blockchain\03-gnus\work\lmdb\libraries\liblmdb\mdb.c(5256): warning C4996: 'strcpy': This function or variable may be unsafe. Consider using strcpy_s instead. To disable deprecation, use _CRT_SECURE_NO_WARNINGS. See online help for details.
  c:\program files (x86)\windows kits\10\include\10.0.17763.0\ucrt\string.h(133): note: see declaration of 'strcpy'
d:\03_task\01_blockchain\03-gnus\work\lmdb\libraries\liblmdb\mdb.c(5327): warning C4244: 'function': conversion from 'int64_t' to 'LONG', possible loss of data
d:\03_task\01_blockchain\03-gnus\work\lmdb\libraries\liblmdb\mdb.c(5336): warning C4267: '=': conversion from 'size_t' to 'unsigned int', possible loss of data
d:\03_task\01_blockchain\03-gnus\work\lmdb\libraries\liblmdb\mdb.c(5592): warning C4996: 'strdup': The POSIX name for this item is deprecated. Instead, use the ISO C and C++ conformant name: _strdup. See online help for details.
  c:\program files (x86)\windows kits\10\include\10.0.17763.0\ucrt\string.h(536): note: see declaration of 'strdup'
d:\03_task\01_blockchain\03-gnus\work\lmdb\libraries\liblmdb\mdb.c(5900): warning C4267: '=': conversion from 'size_t' to 'unsigned int', possible loss of data
d:\03_task\01_blockchain\03-gnus\work\lmdb\libraries\liblmdb\mdb.c(5903): warning C4267: '=': conversion from 'size_t' to 'unsigned int', possible loss of data
d:\03_task\01_blockchain\03-gnus\work\lmdb\libraries\liblmdb\mdb.c(5908): warning C4244: 'return': conversion from 'ssize_t' to 'int', possible loss of data
d:\03_task\01_blockchain\03-gnus\work\lmdb\libraries\liblmdb\mdb.c(5934): warning C4244: 'return': conversion from 'ssize_t' to 'int', possible loss of data
d:\03_task\01_blockchain\03-gnus\work\lmdb\libraries\liblmdb\mdb.c(6693): warning C4267: '=': conversion from 'size_t' to 'unsigned int', possible loss of data
d:\03_task\01_blockchain\03-gnus\work\lmdb\libraries\liblmdb\mdb.c(6701): warning C4267: '=': conversion from 'size_t' to 'unsigned int', possible loss of data
d:\03_task\01_blockchain\03-gnus\work\lmdb\libraries\liblmdb\mdb.c(6713): warning C4267: '=': conversion from 'size_t' to 'unsigned int', possible loss of data
d:\03_task\01_blockchain\03-gnus\work\lmdb\libraries\liblmdb\mdb.c(6714): warning C4267: '=': conversion from 'size_t' to 'unsigned int', possible loss of data
d:\03_task\01_blockchain\03-gnus\work\lmdb\libraries\liblmdb\mdb.c(7576): warning C4267: '=': conversion from 'size_t' to 'unsigned int', possible loss of data
d:\03_task\01_blockchain\03-gnus\work\lmdb\libraries\liblmdb\mdb.c(7691): warning C4267: '=': conversion from 'size_t' to 'uint16_t', possible loss of data
d:\03_task\01_blockchain\03-gnus\work\lmdb\libraries\liblmdb\mdb.c(7771): warning C4267: '=': conversion from 'size_t' to 'uint16_t', possible loss of data
d:\03_task\01_blockchain\03-gnus\work\lmdb\libraries\liblmdb\mdb.c(7777): warning C4267: '=': conversion from 'size_t' to 'indx_t', possible loss of data
d:\03_task\01_blockchain\03-gnus\work\lmdb\libraries\liblmdb\mdb.c(7833): warning C4267: '=': conversion from 'size_t' to 'unsigned int', possible loss of data
d:\03_task\01_blockchain\03-gnus\work\lmdb\libraries\liblmdb\mdb.c(7913): warning C4146: unary minus operator applied to unsigned type, result still unsigned
d:\03_task\01_blockchain\03-gnus\work\lmdb\libraries\liblmdb\mdb.c(7921): warning C4267: '=': conversion from 'size_t' to 'unsigned short', possible loss of data
d:\03_task\01_blockchain\03-gnus\work\lmdb\libraries\liblmdb\mdb.c(8042): warning C4267: '=': conversion from 'size_t' to 'int', possible loss of data
d:\03_task\01_blockchain\03-gnus\work\lmdb\libraries\liblmdb\mdb.c(7869): warning C4267: 'initializing': conversion from 'size_t' to 'int', possible loss of data
d:\03_task\01_blockchain\03-gnus\work\lmdb\libraries\liblmdb\mdb.c(8314): warning C4267: '-=': conversion from 'size_t' to 'indx_t', possible loss of data
d:\03_task\01_blockchain\03-gnus\work\lmdb\libraries\liblmdb\mdb.c(8354): warning C4267: '=': conversion from 'size_t' to 'indx_t', possible loss of data
d:\03_task\01_blockchain\03-gnus\work\lmdb\libraries\liblmdb\mdb.c(8362): warning C4267: '=': conversion from 'size_t' to 'unsigned short', possible loss of data
d:\03_task\01_blockchain\03-gnus\work\lmdb\libraries\liblmdb\mdb.c(8365): warning C4267: '=': conversion from 'size_t' to 'unsigned short', possible loss of data
d:\03_task\01_blockchain\03-gnus\work\lmdb\libraries\liblmdb\mdb.c(8367): warning C4267: '=': conversion from 'size_t' to 'unsigned short', possible loss of data
d:\03_task\01_blockchain\03-gnus\work\lmdb\libraries\liblmdb\mdb.c(8327): warning C4267: 'initializing': conversion from 'size_t' to 'int', possible loss of data
d:\03_task\01_blockchain\03-gnus\work\lmdb\libraries\liblmdb\mdb.c(8428): warning C4267: '+=': conversion from 'size_t' to 'indx_t', possible loss of data
d:\03_task\01_blockchain\03-gnus\work\lmdb\libraries\liblmdb\mdb.c(8490): warning C4333: '>>': right shift by too large amount, data loss
d:\03_task\01_blockchain\03-gnus\work\lmdb\libraries\liblmdb\mdb.c(8832): warning C4267: '=': conversion from 'size_t' to 'unsigned short', possible loss of data
d:\03_task\01_blockchain\03-gnus\work\lmdb\libraries\liblmdb\mdb.c(8955): warning C4267: 'function': conversion from 'size_t' to 'int', possible loss of data
d:\03_task\01_blockchain\03-gnus\work\lmdb\libraries\liblmdb\mdb.c(9718): warning C4267: '-=': conversion from 'size_t' to 'indx_t', possible loss of data
d:\03_task\01_blockchain\03-gnus\work\lmdb\libraries\liblmdb\mdb.c(9726): warning C4267: '-=': conversion from 'size_t' to 'indx_t', possible loss of data
d:\03_task\01_blockchain\03-gnus\work\lmdb\libraries\liblmdb\mdb.c(9734): warning C4267: '=': conversion from 'size_t' to 'int', possible loss of data
d:\03_task\01_blockchain\03-gnus\work\lmdb\libraries\liblmdb\mdb.c(9736): warning C4267: '=': conversion from 'size_t' to 'int', possible loss of data
d:\03_task\01_blockchain\03-gnus\work\lmdb\libraries\liblmdb\mdb.c(10321): warning C4267: '=': conversion from 'size_t' to 'unsigned short', possible loss of data
d:\03_task\01_blockchain\03-gnus\work\lmdb\libraries\liblmdb\mdb.c(10508): warning C4267: '=': conversion from 'size_t' to 'DWORD', possible loss of data
d:\03_task\01_blockchain\03-gnus\work\lmdb\libraries\liblmdb\mdb.c(10544): warning C4267: '=': conversion from 'size_t' to 'DWORD', possible loss of data
d:\03_task\01_blockchain\03-gnus\work\lmdb\libraries\liblmdb\mdb.c(10826): warning C4996: 'strdup': The POSIX name for this item is deprecated. Instead, use the ISO C and C++ conformant name: _strdup. See online help for details.
  c:\program files (x86)\windows kits\10\include\10.0.17763.0\ucrt\string.h(536): note: see declaration of 'strdup'
d:\03_task\01_blockchain\03-gnus\work\lmdb\libraries\liblmdb\mdb.c(11127): warning C4996: 'sprintf': This function or variable may be unsafe. Consider using sprintf_s instead. To disable deprecation, use _CRT_SECURE_NO_WARNINGS. See online help for details.
  c:\program files (x86)\windows kits\10\include\10.0.17763.0\ucrt\stdio.h(1774): note: see declaration of 'sprintf'
  midl.c
d:\03_task\01_blockchain\03-gnus\work\lmdb\libraries\liblmdb\midl.c(44): warning C4267: 'initializing': conversion from 'size_t' to 'unsigned int', possible loss of data
d:\03_task\01_blockchain\03-gnus\work\lmdb\libraries\liblmdb\midl.c(146): warning C4267: '+=': conversion from 'size_t' to 'unsigned int', possible loss of data
d:\03_task\01_blockchain\03-gnus\work\lmdb\libraries\liblmdb\midl.c(176): warning C4267: 'function': conversion from 'size_t' to 'int', possible loss of data
  Generating Code...
d:\03_task\01_blockchain\03-gnus\work\lmdb\libraries\liblmdb\mdb.c(1750): warning C4172: returning address of local variable or temporary: buf
  lmdb.vcxproj -> D:\03_TASK\01_blockchain\03-GNUS\work\lmdb\libraries\liblmdb\build\Debug\lmdb.lib
